android/app/build/intermediates/manifest_merge_blame_file/release/manifest-merger-blame-release-report.txt
1<?xml version="1.0" encoding="utf-8"?>
2<manifest xmlns:android="http://schemas.android.com/apk/res/android"
3    package="com.restar"
4    android:versionCode="1"
5    android:versionName="1.0.0" >
6
7    <uses-sdk
8        android:minSdkVersion="16"
8-->src\main\AndroidManifest.xml
9        android:targetSdkVersion="28" />
9-->src\main\AndroidManifest.xml
10
11    <uses-permission android:name="android.permission.INTERNET" />
11-->src\main\AndroidManifest.xml:4:5-67
11-->src\main\AndroidManifest.xml:4:22-64
12    <uses-permission android:name="android.permission.SYSTEM_ALERT_WINDOW" />
12-->src\main\AndroidManifest.xml:5:5-77
12-->src\main\AndroidManifest.xml:5:22-75
13    <uses-permission android:name="android.permission.WAKE_LOCK" />
13-->src\main\AndroidManifest.xml:6:5-68
13-->src\main\AndroidManifest.xml:6:22-65
14
15    <permission
16        android:name="com.restar.permission.C2D_MESSAGE"
16-->src\main\AndroidManifest.xml:8:9-63
17        android:protectionLevel="signature" />
17-->src\main\AndroidManifest.xml:9:9-44
18
19    <uses-permission android:name="com.restar.permission.C2D_MESSAGE" />
19-->src\main\AndroidManifest.xml:10:22-76
20    <uses-permission android:name="android.permission.VIBRATE" />
20-->src\main\AndroidManifest.xml:11:5-66
20-->src\main\AndroidManifest.xml:11:22-63
21    <uses-permission android:name="android.permission.RECEIVE_BOOT_COMPLETED" />
21-->src\main\AndroidManifest.xml:12:5-80
21-->src\main\AndroidManifest.xml:12:22-78
22    <uses-permission android:name="android.permission.ACCESS_COARSE_LOCATION" />
22-->src\main\AndroidManifest.xml:13:5-80
22-->src\main\AndroidManifest.xml:13:22-78
23    <uses-permission android:name="android.permission.ACCESS_FINE_LOCATION" />
23-->src\main\AndroidManifest.xml:14:5-78
23-->src\main\AndroidManifest.xml:14:22-76
24    <uses-permission android:name="android.permission.ACCESS_NETWORK_STATE" />
24-->[:react-native-firebase_messaging] AndroidManifest.xml:13:5-79
24-->[:react-native-firebase_messaging] AndroidManifest.xml:13:22-76
25
26    <uses-feature
26-->[com.google.android.gms:play-services-maps:16.1.0] AndroidManifest.xml:26:5-28:35
27        android:glEsVersion="0x00020000"
27-->[com.google.android.gms:play-services-maps:16.1.0] AndroidManifest.xml:27:9-41
28        android:required="true" /> <!-- Required by older versions of Google Play services to create IID tokens -->
28-->[com.google.android.gms:play-services-maps:16.1.0] AndroidManifest.xml:28:9-32
29    <uses-permission android:name="com.google.android.c2dm.permission.RECEIVE" />
29-->[com.google.firebase:firebase-iid:21.0.1] AndroidManifest.xml:26:5-82
29-->[com.google.firebase:firebase-iid:21.0.1] AndroidManifest.xml:26:22-79
30    <uses-permission android:name="com.google.android.finsky.permission.BIND_GET_INSTALL_REFERRER_SERVICE" /> <!-- for android -->
30-->[com.google.android.gms:play-services-measurement:17.2.1] AndroidManifest.xml:26:5-110
30-->[com.google.android.gms:play-services-measurement:17.2.1] AndroidManifest.xml:26:22-107
31    <!-- <uses-permission android:name="com.android.launcher.permission.READ_SETTINGS"/> -->
32    <!-- <uses-permission android:name="com.android.launcher.permission.WRITE_SETTINGS"/> -->
33    <!-- <uses-permission android:name="com.android.launcher.permission.INSTALL_SHORTCUT" /> -->
34    <!-- <uses-permission android:name="com.android.launcher.permission.UNINSTALL_SHORTCUT" /> -->
35    <!-- for Samsung -->
36    <uses-permission android:name="com.sec.android.provider.badge.permission.READ" />
36-->[me.leolin:ShortcutBadger:1.1.22] AndroidManifest.xml:19:5-86
36-->[me.leolin:ShortcutBadger:1.1.22] AndroidManifest.xml:19:22-83
37    <uses-permission android:name="com.sec.android.provider.badge.permission.WRITE" /> <!-- for htc -->
37-->[me.leolin:ShortcutBadger:1.1.22] AndroidManifest.xml:20:5-87
37-->[me.leolin:ShortcutBadger:1.1.22] AndroidManifest.xml:20:22-84
38    <uses-permission android:name="com.htc.launcher.permission.READ_SETTINGS" />
38-->[me.leolin:ShortcutBadger:1.1.22] AndroidManifest.xml:23:5-81
38-->[me.leolin:ShortcutBadger:1.1.22] AndroidManifest.xml:23:22-78
39    <uses-permission android:name="com.htc.launcher.permission.UPDATE_SHORTCUT" /> <!-- for sony -->
39-->[me.leolin:ShortcutBadger:1.1.22] AndroidManifest.xml:24:5-83
39-->[me.leolin:ShortcutBadger:1.1.22] AndroidManifest.xml:24:22-80
40    <uses-permission android:name="com.sonyericsson.home.permission.BROADCAST_BADGE" />
40-->[me.leolin:ShortcutBadger:1.1.22] AndroidManifest.xml:27:5-88
40-->[me.leolin:ShortcutBadger:1.1.22] AndroidManifest.xml:27:22-85
41    <uses-permission android:name="com.sonymobile.home.permission.PROVIDER_INSERT_BADGE" /> <!-- for apex -->
41-->[me.leolin:ShortcutBadger:1.1.22] AndroidManifest.xml:28:5-92
41-->[me.leolin:ShortcutBadger:1.1.22] AndroidManifest.xml:28:22-89
42    <uses-permission android:name="com.anddoes.launcher.permission.UPDATE_COUNT" /> <!-- for solid -->
42-->[me.leolin:ShortcutBadger:1.1.22] AndroidManifest.xml:31:5-84
42-->[me.leolin:ShortcutBadger:1.1.22] AndroidManifest.xml:31:22-81
43    <uses-permission android:name="com.majeur.launcher.permission.UPDATE_BADGE" /> <!-- for huawei -->
43-->[me.leolin:ShortcutBadger:1.1.22] AndroidManifest.xml:34:5-83
43-->[me.leolin:ShortcutBadger:1.1.22] AndroidManifest.xml:34:22-80
44    <uses-permission android:name="com.huawei.android.launcher.permission.CHANGE_BADGE" />
44-->[me.leolin:ShortcutBadger:1.1.22] AndroidManifest.xml:37:5-91
44-->[me.leolin:ShortcutBadger:1.1.22] AndroidManifest.xml:37:22-88
45    <uses-permission android:name="com.huawei.android.launcher.permission.READ_SETTINGS" />
45-->[me.leolin:ShortcutBadger:1.1.22] AndroidManifest.xml:38:5-92
45-->[me.leolin:ShortcutBadger:1.1.22] AndroidManifest.xml:38:22-89
46    <uses-permission android:name="com.huawei.android.launcher.permission.WRITE_SETTINGS" /> <!-- for ZUK -->
46-->[me.leolin:ShortcutBadger:1.1.22] AndroidManifest.xml:39:5-93
46-->[me.leolin:ShortcutBadger:1.1.22] AndroidManifest.xml:39:22-90
47    <uses-permission android:name="android.permission.READ_APP_BADGE" /> <!-- for OPPO -->
47-->[me.leolin:ShortcutBadger:1.1.22] AndroidManifest.xml:42:5-73
47-->[me.leolin:ShortcutBadger:1.1.22] AndroidManifest.xml:42:22-70
48    <uses-permission android:name="com.oppo.launcher.permission.READ_SETTINGS" />
48-->[me.leolin:ShortcutBadger:1.1.22] AndroidManifest.xml:45:5-82
48-->[me.leolin:ShortcutBadger:1.1.22] AndroidManifest.xml:45:22-79
49    <uses-permission android:name="com.oppo.launcher.permission.WRITE_SETTINGS" /> <!-- for EvMe -->
49-->[me.leolin:ShortcutBadger:1.1.22] AndroidManifest.xml:46:5-83
49-->[me.leolin:ShortcutBadger:1.1.22] AndroidManifest.xml:46:22-80
50    <uses-permission android:name="me.everything.badger.permission.BADGE_COUNT_READ" />
50-->[me.leolin:ShortcutBadger:1.1.22] AndroidManifest.xml:49:5-88
50-->[me.leolin:ShortcutBadger:1.1.22] AndroidManifest.xml:49:22-85
51    <uses-permission android:name="me.everything.badger.permission.BADGE_COUNT_WRITE" />
51-->[me.leolin:ShortcutBadger:1.1.22] AndroidManifest.xml:50:5-89
51-->[me.leolin:ShortcutBadger:1.1.22] AndroidManifest.xml:50:22-86
52
53    <application
53-->src\main\AndroidManifest.xml:18:5-91:19
54        android:name="com.restar.MainApplication"
54-->src\main\AndroidManifest.xml:19:7-38
55        android:allowBackup="false"
55-->src\main\AndroidManifest.xml:23:7-34
56        android:appComponentFactory="androidx.core.app.CoreComponentFactory"
56-->[androidx.core:core:1.1.0] AndroidManifest.xml:24:18-86
57        android:icon="@mipmap/ic_launcher"
57-->src\main\AndroidManifest.xml:22:7-41
58        android:label="@string/app_name"
58-->src\main\AndroidManifest.xml:21:7-39
59        android:launchMode="singleTask"
59-->src\main\AndroidManifest.xml:20:7-38
60        android:supportsRtl="true"
60-->[com.facebook.android:facebook-login:7.1.0] AndroidManifest.xml:28:18-44
61        android:theme="@style/AppTheme"
61-->src\main\AndroidManifest.xml:25:7-38
62        android:usesCleartextTraffic="true" >
62-->src\main\AndroidManifest.xml:24:7-42
63        <meta-data
63-->src\main\AndroidManifest.xml:26:7-28:64
64            android:name="com.google.android.geo.API_KEY"
64-->src\main\AndroidManifest.xml:27:7-52
65            android:value="AIzaSyDvaS7W8iRIZTGJ6v5yePMWF4B2sCEVWqg" />
65-->src\main\AndroidManifest.xml:28:7-62
66
67        <activity
67-->src\main\AndroidManifest.xml:29:7-38:18
68            android:name="com.restar.MainActivity"
68-->src\main\AndroidManifest.xml:30:9-37
69            android:configChanges="keyboard|keyboardHidden|orientation|screenSize"
69-->src\main\AndroidManifest.xml:32:9-79
70            android:label="@string/app_name"
70-->src\main\AndroidManifest.xml:31:9-41
71            android:windowSoftInputMode="adjustResize" >
71-->src\main\AndroidManifest.xml:33:9-51
72            <intent-filter>
72-->src\main\AndroidManifest.xml:34:9-37:25
73                <action android:name="android.intent.action.MAIN" />
73-->src\main\AndroidManifest.xml:35:13-65
73-->src\main\AndroidManifest.xml:35:21-62
74
75                <category android:name="android.intent.category.LAUNCHER" />
75-->src\main\AndroidManifest.xml:36:13-73
75-->src\main\AndroidManifest.xml:36:23-70
76            </intent-filter>
77        </activity>
78        <activity android:name="com.facebook.react.devsupport.DevSettingsActivity" />
78-->src\main\AndroidManifest.xml:39:7-84
78-->src\main\AndroidManifest.xml:39:17-81
79
80        <meta-data
80-->src\main\AndroidManifest.xml:42:7-43:65
81            android:name="com.dieam.reactnativepushnotification.notification_channel_name"
81-->src\main\AndroidManifest.xml:42:19-97
82            android:value="YOUR NOTIFICATION CHANNEL NAME" />
82-->src\main\AndroidManifest.xml:43:17-63
83        <meta-data
83-->src\main\AndroidManifest.xml:44:9-45:76
84            android:name="com.dieam.reactnativepushnotification.notification_channel_description"
84-->src\main\AndroidManifest.xml:44:21-106
85            android:value="YOUR NOTIFICATION CHANNEL DESCRIPTION" />
85-->src\main\AndroidManifest.xml:45:21-74
86        <!-- Change the resource name to your App's accent color - or any other color you want -->
87        <meta-data
87-->src\main\AndroidManifest.xml:47:9-48:62
88            android:name="com.dieam.reactnativepushnotification.notification_color"
88-->src\main\AndroidManifest.xml:47:21-92
89            android:resource="@android:color/white" />
89-->src\main\AndroidManifest.xml:48:21-60
90        <meta-data
90-->src\main\AndroidManifest.xml:49:9-50:52
91            android:name="com.facebook.sdk.ApplicationId"
91-->src\main\AndroidManifest.xml:49:20-65
92            android:value="@string/facebook_app_id" />
92-->src\main\AndroidManifest.xml:50:11-50
93        <!-- < Only if you're using GCM or localNotificationSchedule() > -->
94        <receiver
94-->src\main\AndroidManifest.xml:52:9-60:20
95            android:name="com.google.android.gms.gcm.GcmReceiver"
95-->src\main\AndroidManifest.xml:53:13-66
96            android:exported="true"
96-->src\main\AndroidManifest.xml:54:13-36
97            android:permission="com.google.android.c2dm.permission.SEND" >
97-->src\main\AndroidManifest.xml:55:13-73
98            <intent-filter>
98-->src\main\AndroidManifest.xml:56:13-59:29
99                <action android:name="com.google.android.c2dm.intent.RECEIVE" />
99-->src\main\AndroidManifest.xml:57:17-81
99-->src\main\AndroidManifest.xml:57:25-78
100
101                <category android:name="com.restar" />
101-->src\main\AndroidManifest.xml:58:27-58
102            </intent-filter>
103        </receiver>
104        <!-- < Only if you're using GCM or localNotificationSchedule() > -->
105        <receiver android:name="com.dieam.reactnativepushnotification.modules.RNPushNotificationPublisher" />
105-->src\main\AndroidManifest.xml:62:1-102
105-->src\main\AndroidManifest.xml:62:11-99
106        <receiver android:name="com.dieam.reactnativepushnotification.modules.RNPushNotificationBootEventReceiver" >
106-->src\main\AndroidManifest.xml:63:9-67:20
106-->src\main\AndroidManifest.xml:63:19-115
107            <intent-filter>
107-->src\main\AndroidManifest.xml:64:13-66:29
108                <action android:name="android.intent.action.BOOT_COMPLETED" />
108-->src\main\AndroidManifest.xml:65:17-79
108-->src\main\AndroidManifest.xml:65:25-76
109            </intent-filter>
110        </receiver>
111
112        <service android:name="com.dieam.reactnativepushnotification.modules.RNPushNotificationRegistrationService" />
112-->src\main\AndroidManifest.xml:69:9-118
112-->src\main\AndroidManifest.xml:69:18-116
113
114        <!-- < Only if you're using GCM or localNotificationSchedule() > -->
115        <service
115-->src\main\AndroidManifest.xml:72:9-78:19
116            android:name="com.dieam.reactnativepushnotification.modules.RNPushNotificationListenerServiceGcm"
116-->src\main\AndroidManifest.xml:73:13-110
117            android:exported="false" >
117-->src\main\AndroidManifest.xml:74:13-37
118            <intent-filter>
118-->src\main\AndroidManifest.xml:75:13-77:29
119                <action android:name="com.google.android.c2dm.intent.RECEIVE" />
119-->src\main\AndroidManifest.xml:57:17-81
119-->src\main\AndroidManifest.xml:57:25-78
120            </intent-filter>
121        </service>
122        <!-- </ Only if you're using GCM or localNotificationSchedule() > -->
123        <!-- < Else > -->
124        <service
124-->src\main\AndroidManifest.xml:81:9-87:19
125            android:name="com.dieam.reactnativepushnotification.modules.RNPushNotificationListenerService"
125-->src\main\AndroidManifest.xml:82:13-107
126            android:exported="false" >
126-->src\main\AndroidManifest.xml:83:13-37
127            <intent-filter>
127-->src\main\AndroidManifest.xml:84:13-86:29
128                <action android:name="com.google.firebase.MESSAGING_EVENT" />
128-->src\main\AndroidManifest.xml:85:17-78
128-->src\main\AndroidManifest.xml:85:25-75
129            </intent-filter>
130        </service>
131        <service android:name="io.invertase.firebase.messaging.ReactNativeFirebaseMessagingHeadlessService" />
131-->[:react-native-firebase_messaging] AndroidManifest.xml:16:9-111
131-->[:react-native-firebase_messaging] AndroidManifest.xml:16:18-108
132        <service
132-->[:react-native-firebase_messaging] AndroidManifest.xml:17:9-23:19
133            android:name="io.invertase.firebase.messaging.ReactNativeFirebaseMessagingService"
133-->[:react-native-firebase_messaging] AndroidManifest.xml:18:13-95
134            android:exported="false" >
134-->[:react-native-firebase_messaging] AndroidManifest.xml:19:13-37
135            <intent-filter>
135-->src\main\AndroidManifest.xml:84:13-86:29
136                <action android:name="com.google.firebase.MESSAGING_EVENT" />
136-->src\main\AndroidManifest.xml:85:17-78
136-->src\main\AndroidManifest.xml:85:25-75
137            </intent-filter>
138        </service>
139
140        <meta-data
140-->[:react-native-firebase_messaging] AndroidManifest.xml:25:9-27:36
141            android:name="firebase_messaging_auto_init_enabled"
141-->[:react-native-firebase_messaging] AndroidManifest.xml:26:13-64
142            android:value="true" />
142-->[:react-native-firebase_messaging] AndroidManifest.xml:27:13-33
143
144        <provider
144-->[:react-native-webview] AndroidManifest.xml:12:9-20:20
145            android:name="com.reactnativecommunity.webview.RNCWebViewFileProvider"
145-->[:react-native-webview] AndroidManifest.xml:13:13-83
146            android:authorities="com.restar.fileprovider"
146-->[:react-native-webview] AndroidManifest.xml:14:13-64
147            android:exported="false"
147-->[:react-native-webview] AndroidManifest.xml:15:13-37
148            android:grantUriPermissions="true" >
148-->[:react-native-webview] AndroidManifest.xml:16:13-47
149            <meta-data
149-->[:react-native-webview] AndroidManifest.xml:17:13-19:63
150                android:name="android.support.FILE_PROVIDER_PATHS"
150-->[:react-native-webview] AndroidManifest.xml:18:17-67
151                android:resource="@xml/file_provider_paths" />
151-->[:react-native-webview] AndroidManifest.xml:19:17-60
152        </provider>
153
154        <activity
154-->[com.facebook.android:facebook-common:7.1.0] AndroidManifest.xml:30:9-33:66
155            android:name="com.facebook.FacebookActivity"
155-->[com.facebook.android:facebook-common:7.1.0] AndroidManifest.xml:31:13-57
156            android:configChanges="keyboard|keyboardHidden|screenLayout|screenSize|orientation"
156-->[com.facebook.android:facebook-common:7.1.0] AndroidManifest.xml:32:13-96
157            android:theme="@style/com_facebook_activity_theme" />
157-->[com.facebook.android:facebook-common:7.1.0] AndroidManifest.xml:33:13-63
158        <activity android:name="com.facebook.CustomTabMainActivity" />
158-->[com.facebook.android:facebook-common:7.1.0] AndroidManifest.xml:34:9-71
158-->[com.facebook.android:facebook-common:7.1.0] AndroidManifest.xml:34:19-68
159        <activity
159-->[com.facebook.android:facebook-common:7.1.0] AndroidManifest.xml:35:9-49:20
160            android:name="com.facebook.CustomTabActivity"
160-->[com.facebook.android:facebook-common:7.1.0] AndroidManifest.xml:36:13-58
161            android:exported="true" >
161-->[com.facebook.android:facebook-common:7.1.0] AndroidManifest.xml:37:13-36
162            <intent-filter>
162-->[com.facebook.android:facebook-common:7.1.0] AndroidManifest.xml:39:13-48:29
163                <action android:name="android.intent.action.VIEW" />
163-->[com.facebook.android:facebook-common:7.1.0] AndroidManifest.xml:40:17-69
163-->[com.facebook.android:facebook-common:7.1.0] AndroidManifest.xml:40:25-66
164
165                <category android:name="android.intent.category.DEFAULT" />
165-->[com.facebook.android:facebook-common:7.1.0] AndroidManifest.xml:42:17-76
165-->[com.facebook.android:facebook-common:7.1.0] AndroidManifest.xml:42:27-73
166                <category android:name="android.intent.category.BROWSABLE" />
166-->[com.facebook.android:facebook-common:7.1.0] AndroidManifest.xml:43:17-78
166-->[com.facebook.android:facebook-common:7.1.0] AndroidManifest.xml:43:27-75
167
168                <data
168-->[com.facebook.android:facebook-common:7.1.0] AndroidManifest.xml:45:17-47:50
169                    android:host="cct.com.restar"
169-->[com.facebook.android:facebook-common:7.1.0] AndroidManifest.xml:46:21-56
170                    android:scheme="fbconnect" />
170-->[com.facebook.android:facebook-common:7.1.0] AndroidManifest.xml:47:21-47
171            </intent-filter>
172        </activity>
173        <!--
174             FirebaseMessagingService performs security checks at runtime,
175             but set to not exported to explicitly avoid allowing another app to call it.
176        -->
177        <service
177-->[com.google.firebase:firebase-messaging:21.0.1] AndroidManifest.xml:28:9-35:19
178            android:name="com.google.firebase.messaging.FirebaseMessagingService"
178-->[com.google.firebase:firebase-messaging:21.0.1] AndroidManifest.xml:29:13-82
179            android:directBootAware="true"
179-->[com.google.firebase:firebase-messaging:21.0.1] AndroidManifest.xml:30:13-43
180            android:exported="false" >
180-->[com.google.firebase:firebase-messaging:21.0.1] AndroidManifest.xml:31:13-37
181            <intent-filter android:priority="-500" >
181-->src\main\AndroidManifest.xml:84:13-86:29
182                <action android:name="com.google.firebase.MESSAGING_EVENT" />
182-->src\main\AndroidManifest.xml:85:17-78
182-->src\main\AndroidManifest.xml:85:25-75
183            </intent-filter>
184        </service>
185        <service
185-->[com.google.firebase:firebase-messaging:21.0.1] AndroidManifest.xml:36:9-42:19
186            android:name="com.google.firebase.components.ComponentDiscoveryService"
186-->[com.google.firebase:firebase-messaging:21.0.1] AndroidManifest.xml:37:13-84
187            android:directBootAware="true"
187-->[com.google.firebase:firebase-common:19.5.0] AndroidManifest.xml:35:13-43
188            android:exported="false" >
188-->[com.google.firebase:firebase-messaging:21.0.1] AndroidManifest.xml:38:13-37
189            <meta-data
189-->[com.google.firebase:firebase-messaging:21.0.1] AndroidManifest.xml:39:13-41:85
190                android:name="com.google.firebase.components:com.google.firebase.messaging.FirebaseMessagingRegistrar"
190-->[com.google.firebase:firebase-messaging:21.0.1] AndroidManifest.xml:40:17-119
191                android:value="com.google.firebase.components.ComponentRegistrar" />
191-->[com.google.firebase:firebase-messaging:21.0.1] AndroidManifest.xml:41:17-82
192            <meta-data
192-->[com.google.firebase:firebase-datatransport:17.0.10] AndroidManifest.xml:28:13-30:85
193                android:name="com.google.firebase.components:com.google.firebase.datatransport.TransportRegistrar"
193-->[com.google.firebase:firebase-datatransport:17.0.10] AndroidManifest.xml:29:17-115
194                android:value="com.google.firebase.components.ComponentRegistrar" />
194-->[com.google.firebase:firebase-datatransport:17.0.10] AndroidManifest.xml:30:17-82
195            <meta-data
195-->[com.google.android.gms:play-services-measurement-api:17.2.1] AndroidManifest.xml:30:13-32:85
196                android:name="com.google.firebase.components:com.google.firebase.analytics.connector.internal.AnalyticsConnectorRegistrar"
196-->[com.google.android.gms:play-services-measurement-api:17.2.1] AndroidManifest.xml:31:17-139
197                android:value="com.google.firebase.components.ComponentRegistrar" />
197-->[com.google.android.gms:play-services-measurement-api:17.2.1] AndroidManifest.xml:32:17-82
198            <meta-data
198-->[com.google.firebase:firebase-iid:21.0.1] AndroidManifest.xml:32:13-34:85
199                android:name="com.google.firebase.components:com.google.firebase.iid.Registrar"
199-->[com.google.firebase:firebase-iid:21.0.1] AndroidManifest.xml:33:17-96
200                android:value="com.google.firebase.components.ComponentRegistrar" />
200-->[com.google.firebase:firebase-iid:21.0.1] AndroidManifest.xml:34:17-82
201            <meta-data
201-->[com.google.firebase:firebase-installations:16.3.5] AndroidManifest.xml:18:13-20:85
202                android:name="com.google.firebase.components:com.google.firebase.installations.FirebaseInstallationsRegistrar"
202-->[com.google.firebase:firebase-installations:16.3.5] AndroidManifest.xml:19:17-127
203                android:value="com.google.firebase.components.ComponentRegistrar" />
203-->[com.google.firebase:firebase-installations:16.3.5] AndroidManifest.xml:20:17-82
204            <!--
205                This registrar is not defined in the dynamic-module-support sdk itself to allow non-firebase
206                clients to use it as well, by defining this registrar in their own core/common library.
207            -->
208            <meta-data
208-->[com.google.firebase:firebase-common:19.5.0] AndroidManifest.xml:43:13-45:85
209                android:name="com.google.firebase.components:com.google.firebase.dynamicloading.DynamicLoadingRegistrar"
209-->[com.google.firebase:firebase-common:19.5.0] AndroidManifest.xml:44:17-121
210                android:value="com.google.firebase.components.ComponentRegistrar" />
210-->[com.google.firebase:firebase-common:19.5.0] AndroidManifest.xml:45:17-82
211        </service>
212        <service
212-->[com.google.android.datatransport:transport-backend-cct:2.3.3] AndroidManifest.xml:29:9-35:19
213            android:name="com.google.android.datatransport.runtime.backends.TransportBackendDiscovery"
213-->[com.google.android.datatransport:transport-backend-cct:2.3.3] AndroidManifest.xml:30:13-103
214            android:exported="false" >
214-->[com.google.android.datatransport:transport-backend-cct:2.3.3] AndroidManifest.xml:31:13-37
215            <meta-data
215-->[com.google.android.datatransport:transport-backend-cct:2.3.3] AndroidManifest.xml:32:13-34:39
216                android:name="backend:com.google.android.datatransport.cct.CctBackendFactory"
216-->[com.google.android.datatransport:transport-backend-cct:2.3.3] AndroidManifest.xml:33:17-94
217                android:value="cct" />
217-->[com.google.android.datatransport:transport-backend-cct:2.3.3] AndroidManifest.xml:34:17-36
218        </service>
219        <service
219-->[com.google.android.datatransport:transport-runtime:2.2.5] AndroidManifest.xml:26:9-30:19
220            android:name="com.google.android.datatransport.runtime.scheduling.jobscheduling.JobInfoSchedulerService"
220-->[com.google.android.datatransport:transport-runtime:2.2.5] AndroidManifest.xml:27:13-117
221            android:exported="false"
221-->[com.google.android.datatransport:transport-runtime:2.2.5] AndroidManifest.xml:28:13-37
222            android:permission="android.permission.BIND_JOB_SERVICE" >
222-->[com.google.android.datatransport:transport-runtime:2.2.5] AndroidManifest.xml:29:13-69
223        </service>
224
225        <receiver
225-->[com.google.android.datatransport:transport-runtime:2.2.5] AndroidManifest.xml:32:9-34:40
226            android:name="com.google.android.datatransport.runtime.scheduling.jobscheduling.AlarmManagerSchedulerBroadcastReceiver"
226-->[com.google.android.datatransport:transport-runtime:2.2.5] AndroidManifest.xml:33:13-132
227            android:exported="false" />
227-->[com.google.android.datatransport:transport-runtime:2.2.5] AndroidManifest.xml:34:13-37
228
229        <meta-data
229-->[com.github.bumptech.glide:okhttp3-integration:4.9.0] AndroidManifest.xml:11:9-13:43
230            android:name="com.bumptech.glide.integration.okhttp3.OkHttpGlideModule"
230-->[com.github.bumptech.glide:okhttp3-integration:4.9.0] AndroidManifest.xml:12:13-84
231            android:value="GlideModule" />
231-->[com.github.bumptech.glide:okhttp3-integration:4.9.0] AndroidManifest.xml:13:13-40
232        <!--
233         The initialization ContentProvider will call FacebookSdk.sdkInitialize automatically
234         with the application context. This config is merged in with the host app's manifest,
235         but there can only be one provider with the same authority activated at any given
236         point; so if the end user has two or more different apps that use Facebook SDK, only the
237         first one will be able to use the provider. To work around this problem, we use the
238         following placeholder in the authority to identify each host application as if it was
239         a completely different provider.
240        -->
241        <provider
241-->[com.facebook.android:facebook-core:7.1.0] AndroidManifest.xml:39:9-42:40
242            android:name="com.facebook.internal.FacebookInitProvider"
242-->[com.facebook.android:facebook-core:7.1.0] AndroidManifest.xml:40:13-70
243            android:authorities="com.restar.FacebookInitProvider"
243-->[com.facebook.android:facebook-core:7.1.0] AndroidManifest.xml:41:13-72
244            android:exported="false" />
244-->[com.facebook.android:facebook-core:7.1.0] AndroidManifest.xml:42:13-37
245
246        <receiver
246-->[com.facebook.android:facebook-core:7.1.0] AndroidManifest.xml:44:9-50:20
247            android:name="com.facebook.CurrentAccessTokenExpirationBroadcastReceiver"
247-->[com.facebook.android:facebook-core:7.1.0] AndroidManifest.xml:45:13-86
248            android:exported="false" >
248-->[com.facebook.android:facebook-core:7.1.0] AndroidManifest.xml:46:13-37
249            <intent-filter>
249-->[com.facebook.android:facebook-core:7.1.0] AndroidManifest.xml:47:13-49:29
250                <action android:name="com.facebook.sdk.ACTION_CURRENT_ACCESS_TOKEN_CHANGED" />
250-->[com.facebook.android:facebook-core:7.1.0] AndroidManifest.xml:48:17-95
250-->[com.facebook.android:facebook-core:7.1.0] AndroidManifest.xml:48:25-92
251            </intent-filter>
252        </receiver> <!-- Needs to be explicitly declared on P+ -->
253        <uses-library
253-->[com.google.android.gms:play-services-maps:16.1.0] AndroidManifest.xml:33:9-35:40
254            android:name="org.apache.http.legacy"
254-->[com.google.android.gms:play-services-maps:16.1.0] AndroidManifest.xml:34:13-50
255            android:required="false" />
255-->[com.google.android.gms:play-services-maps:16.1.0] AndroidManifest.xml:35:13-37
256
257        <receiver
257-->[com.google.firebase:firebase-iid:21.0.1] AndroidManifest.xml:37:9-44:20
258            android:name="com.google.firebase.iid.FirebaseInstanceIdReceiver"
258-->[com.google.firebase:firebase-iid:21.0.1] AndroidManifest.xml:38:13-78
259            android:exported="true"
259-->[com.google.firebase:firebase-iid:21.0.1] AndroidManifest.xml:39:13-36
260            android:permission="com.google.android.c2dm.permission.SEND" >
260-->[com.google.firebase:firebase-iid:21.0.1] AndroidManifest.xml:40:13-73
261            <intent-filter>
261-->src\main\AndroidManifest.xml:75:13-77:29
262                <action android:name="com.google.android.c2dm.intent.RECEIVE" />
262-->src\main\AndroidManifest.xml:57:17-81
262-->src\main\AndroidManifest.xml:57:25-78
263            </intent-filter>
264        </receiver>
265
266        <provider
266-->[com.google.firebase:firebase-common:19.5.0] AndroidManifest.xml:26:9-31:39
267            android:name="com.google.firebase.provider.FirebaseInitProvider"
267-->[com.google.firebase:firebase-common:19.5.0] AndroidManifest.xml:27:13-77
268            android:authorities="com.restar.firebaseinitprovider"
268-->[com.google.firebase:firebase-common:19.5.0] AndroidManifest.xml:28:13-72
269            android:directBootAware="true"
269-->[com.google.firebase:firebase-common:19.5.0] AndroidManifest.xml:29:13-43
270            android:exported="false"
270-->[com.google.firebase:firebase-common:19.5.0] AndroidManifest.xml:30:13-37